<?xml version="1.0" encoding="UTF-8"?>
<!-- Generated by org.testng.reporters.JUnitXMLReporter -->
<testsuite ignored="0" hostname="TJ-LP-227" failures="0" tests="4" name="Test" time="28.643" errors="0" timestamp="14 Apr 2025 14:38:16 GMT">
  <testcase classname="swagLab_test.ProductTest" name="AddToCardTest" time="5.585"/>
  <testcase classname="swagLab_test.LoginTest" name="LockedUserFailure" time="0.364"/>
  <testcase classname="swagLab_test.LoginTest" name="LoginSuccessTest" time="0.365"/>
  <testcase classname="swagLab_test.LoginTest" name="LoginFailureTest" time="0.363"/>
</testsuite> <!-- Test -->
