<?xml version="1.0" encoding="UTF-8"?>
<testng-results ignored="0" total="1" passed="1" failed="0" skipped="0">
  <reporter-output>
  </reporter-output>
  <suite started-at="2025-04-14T14:44:56Z" name="Default suite" finished-at="2025-04-14T14:45:08Z" duration-ms="12179">
    <groups>
    </groups>
    <test started-at="2025-04-14T14:44:56Z" name="Default test" finished-at="2025-04-14T14:45:08Z" duration-ms="12179">
      <class name="swagLab_test.ProductTest">
        <test-method is-config="true" signature="SetUp()[pri:0, instance:swagLab_test.ProductTest@17f9d882]" started-at="2025-04-14T14:44:56Z" name="SetUp" finished-at="2025-04-14T14:45:00Z" duration-ms="4017" status="PASS">
          <reporter-output>
          </reporter-output>
        </test-method> <!-- SetUp -->
        <test-method signature="AddToCardTest()[pri:0, instance:swagLab_test.ProductTest@17f9d882]" started-at="2025-04-14T14:45:00Z" name="AddToCardTest" finished-at="2025-04-14T14:45:06Z" duration-ms="5966" status="PASS">
          <reporter-output>
          </reporter-output>
        </test-method> <!-- AddToCardTest -->
        <test-method is-config="true" signature="TearDown()[pri:0, instance:swagLab_test.ProductTest@17f9d882]" started-at="2025-04-14T14:45:06Z" name="TearDown" finished-at="2025-04-14T14:45:08Z" duration-ms="2171" status="PASS">
          <reporter-output>
          </reporter-output>
        </test-method> <!-- TearDown -->
      </class> <!-- swagLab_test.ProductTest -->
    </test> <!-- Default test -->
  </suite> <!-- Default suite -->
</testng-results>
